Analysis & Synthesis report for multiplicador_3
Mon Jan 11 14:57:07 2021
Quartus II 64-Bit Version 13.0.1 Build 232 06/12/2013 Service Pack 1 SJ Web Edition


---------------------
; Table of Contents ;
---------------------
  1. Legal Notice
  2. Analysis & Synthesis Summary
  3. Analysis & Synthesis Settings
  4. Parallel Compilation
  5. Analysis & Synthesis Source Files Read
  6. Analysis & Synthesis Resource Usage Summary
  7. Analysis & Synthesis Resource Utilization by Entity
  8. State Machine - |multiplicador_3|bc:BlocoControle|state
  9. Registers Removed During Synthesis
 10. General Register Statistics
 11. Port Connectivity Checks: "bo:BlocoOperativo|subtrator:sub"
 12. Port Connectivity Checks: "bo:BlocoOperativo|registrador_8b:regB"
 13. Port Connectivity Checks: "bo:BlocoOperativo|mux2para1_8b:muxP"
 14. Elapsed Time Per Partition
 15. Analysis & Synthesis Messages



----------------
; Legal Notice ;
----------------
Copyright (C) 1991-2013 Altera Corporation
Your use of Altera Corporation's design tools, logic functions 
and other software and tools, and its AMPP partner logic 
functions, and any output files from any of the foregoing 
(including device programming or simulation files), and any 
associated documentation or information are expressly subject 
to the terms and conditions of the Altera Program License 
Subscription Agreement, Altera MegaCore Function License 
Agreement, or other applicable license agreement, including, 
without limitation, that your use is for the sole purpose of 
programming logic devices manufactured by Altera and sold by 
Altera or its authorized distributors.  Please refer to the 
applicable agreement for further details.



+--------------------------------------------------------------------------------------+
; Analysis & Synthesis Summary                                                         ;
+------------------------------------+-------------------------------------------------+
; Analysis & Synthesis Status        ; Successful - Mon Jan 11 14:57:07 2021           ;
; Quartus II 64-Bit Version          ; 13.0.1 Build 232 06/12/2013 SP 1 SJ Web Edition ;
; Revision Name                      ; multiplicador_3                                 ;
; Top-level Entity Name              ; multiplicador_3                                 ;
; Family                             ; Cyclone II                                      ;
; Total logic elements               ; 42                                              ;
;     Total combinational functions  ; 34                                              ;
;     Dedicated logic registers      ; 37                                              ;
; Total registers                    ; 37                                              ;
; Total pins                         ; 36                                              ;
; Total virtual pins                 ; 0                                               ;
; Total memory bits                  ; 0                                               ;
; Embedded Multiplier 9-bit elements ; 0                                               ;
; Total PLLs                         ; 0                                               ;
+------------------------------------+-------------------------------------------------+


+----------------------------------------------------------------------------------------------------------------------+
; Analysis & Synthesis Settings                                                                                        ;
+----------------------------------------------------------------------------+--------------------+--------------------+
; Option                                                                     ; Setting            ; Default Value      ;
+----------------------------------------------------------------------------+--------------------+--------------------+
; Device                                                                     ; EP2C35F672C6       ;                    ;
; Top-level entity name                                                      ; multiplicador_3    ; multiplicador_3    ;
; Family name                                                                ; Cyclone II         ; Cyclone IV GX      ;
; Use smart compilation                                                      ; Off                ; Off                ;
; Enable parallel Assembler and TimeQuest Timing Analyzer during compilation ; On                 ; On                 ;
; Enable compact report table                                                ; Off                ; Off                ;
; Restructure Multiplexers                                                   ; Auto               ; Auto               ;
; Create Debugging Nodes for IP Cores                                        ; Off                ; Off                ;
; Preserve fewer node names                                                  ; On                 ; On                 ;
; Disable OpenCore Plus hardware evaluation                                  ; Off                ; Off                ;
; Verilog Version                                                            ; Verilog_2001       ; Verilog_2001       ;
; VHDL Version                                                               ; VHDL_1993          ; VHDL_1993          ;
; State Machine Processing                                                   ; Auto               ; Auto               ;
; Safe State Machine                                                         ; Off                ; Off                ;
; Extract Verilog State Machines                                             ; On                 ; On                 ;
; Extract VHDL State Machines                                                ; On                 ; On                 ;
; Ignore Verilog initial constructs                                          ; Off                ; Off                ;
; Iteration limit for constant Verilog loops                                 ; 5000               ; 5000               ;
; Iteration limit for non-constant Verilog loops                             ; 250                ; 250                ;
; Add Pass-Through Logic to Inferred RAMs                                    ; On                 ; On                 ;
; Infer RAMs from Raw Logic                                                  ; On                 ; On                 ;
; Parallel Synthesis                                                         ; On                 ; On                 ;
; DSP Block Balancing                                                        ; Auto               ; Auto               ;
; NOT Gate Push-Back                                                         ; On                 ; On                 ;
; Power-Up Don't Care                                                        ; On                 ; On                 ;
; Remove Redundant Logic Cells                                               ; Off                ; Off                ;
; Remove Duplicate Registers                                                 ; On                 ; On                 ;
; Ignore CARRY Buffers                                                       ; Off                ; Off                ;
; Ignore CASCADE Buffers                                                     ; Off                ; Off                ;
; Ignore GLOBAL Buffers                                                      ; Off                ; Off                ;
; Ignore ROW GLOBAL Buffers                                                  ; Off                ; Off                ;
; Ignore LCELL Buffers                                                       ; Off                ; Off                ;
; Ignore SOFT Buffers                                                        ; On                 ; On                 ;
; Limit AHDL Integers to 32 Bits                                             ; Off                ; Off                ;
; Optimization Technique                                                     ; Balanced           ; Balanced           ;
; Carry Chain Length                                                         ; 70                 ; 70                 ;
; Auto Carry Chains                                                          ; On                 ; On                 ;
; Auto Open-Drain Pins                                                       ; On                 ; On                 ;
; Perform WYSIWYG Primitive Resynthesis                                      ; Off                ; Off                ;
; Auto ROM Replacement                                                       ; On                 ; On                 ;
; Auto RAM Replacement                                                       ; On                 ; On                 ;
; Auto Shift Register Replacement                                            ; Auto               ; Auto               ;
; Allow Shift Register Merging across Hierarchies                            ; Auto               ; Auto               ;
; Auto Clock Enable Replacement                                              ; On                 ; On                 ;
; Strict RAM Replacement                                                     ; Off                ; Off                ;
; Allow Synchronous Control Signals                                          ; On                 ; On                 ;
; Force Use of Synchronous Clear Signals                                     ; Off                ; Off                ;
; Auto RAM to Logic Cell Conversion                                          ; Off                ; Off                ;
; Auto Resource Sharing                                                      ; Off                ; Off                ;
; Allow Any RAM Size For Recognition                                         ; Off                ; Off                ;
; Allow Any ROM Size For Recognition                                         ; Off                ; Off                ;
; Allow Any Shift Register Size For Recognition                              ; Off                ; Off                ;
; Use LogicLock Constraints during Resource Balancing                        ; On                 ; On                 ;
; Ignore translate_off and synthesis_off directives                          ; Off                ; Off                ;
; Timing-Driven Synthesis                                                    ; Off                ; Off                ;
; Report Parameter Settings                                                  ; On                 ; On                 ;
; Report Source Assignments                                                  ; On                 ; On                 ;
; Report Connectivity Checks                                                 ; On                 ; On                 ;
; Ignore Maximum Fan-Out Assignments                                         ; Off                ; Off                ;
; Synchronization Register Chain Length                                      ; 2                  ; 2                  ;
; PowerPlay Power Optimization                                               ; Normal compilation ; Normal compilation ;
; HDL message level                                                          ; Level2             ; Level2             ;
; Suppress Register Optimization Related Messages                            ; Off                ; Off                ;
; Number of Removed Registers Reported in Synthesis Report                   ; 5000               ; 5000               ;
; Number of Swept Nodes Reported in Synthesis Report                         ; 5000               ; 5000               ;
; Number of Inverted Registers Reported in Synthesis Report                  ; 100                ; 100                ;
; Clock MUX Protection                                                       ; On                 ; On                 ;
; Auto Gated Clock Conversion                                                ; Off                ; Off                ;
; Block Design Naming                                                        ; Auto               ; Auto               ;
; SDC constraint protection                                                  ; Off                ; Off                ;
; Synthesis Effort                                                           ; Auto               ; Auto               ;
; Shift Register Replacement - Allow Asynchronous Clear Signal               ; On                 ; On                 ;
; Pre-Mapping Resynthesis Optimization                                       ; Off                ; Off                ;
; Analysis & Synthesis Message Level                                         ; Medium             ; Medium             ;
; Disable Register Merging Across Hierarchies                                ; Auto               ; Auto               ;
; Resource Aware Inference For Block RAM                                     ; On                 ; On                 ;
; Synthesis Seed                                                             ; 1                  ; 1                  ;
+----------------------------------------------------------------------------+--------------------+--------------------+


Parallel compilation was disabled, but you have multiple processors available. Enable parallel compilation to reduce compilation time.
+-------------------------------------+
; Parallel Compilation                ;
+----------------------------+--------+
; Processors                 ; Number ;
+----------------------------+--------+
; Number detected on machine ; 4      ;
; Maximum allowed            ; 1      ;
+----------------------------+--------+


+-----------------------------------------------------------------------------------------------------------------------------------------------------------------------------------------------------------------------+
; Analysis & Synthesis Source Files Read                                                                                                                                                                                ;
+----------------------------------+-----------------+-----------------+--------------------------------------------------------------------------------------------------------------------------------------+---------+
; File Name with User-Entered Path ; Used in Netlist ; File Type       ; File Name with Absolute Path                                                                                                         ; Library ;
+----------------------------------+-----------------+-----------------+--------------------------------------------------------------------------------------------------------------------------------------+---------+
; ../STD_DT.vhd                    ; yes             ; User VHDL File  ; C:/Users/luisa/Documents/Materias/UFSC/20201/Lab-EBD_ECL/NN_Neuron_unsigned_new_1/STD_DT.vhd                                         ;         ;
; multiplicador_3.vhd              ; yes             ; User VHDL File  ; C:/Users/luisa/Documents/Materias/UFSC/20201/Lab-EBD_ECL/NN_Neuron_unsigned_new_1/multiplicador3_ov_w_parameters/multiplicador_3.vhd ;         ;
; bo.vhd                           ; yes             ; User VHDL File  ; C:/Users/luisa/Documents/Materias/UFSC/20201/Lab-EBD_ECL/NN_Neuron_unsigned_new_1/multiplicador3_ov_w_parameters/bo.vhd              ;         ;
; igualazero.vhd                   ; yes             ; User VHDL File  ; C:/Users/luisa/Documents/Materias/UFSC/20201/Lab-EBD_ECL/NN_Neuron_unsigned_new_1/multiplicador3_ov_w_parameters/igualazero.vhd      ;         ;
; mux2para1.vhd                    ; yes             ; User VHDL File  ; C:/Users/luisa/Documents/Materias/UFSC/20201/Lab-EBD_ECL/NN_Neuron_unsigned_new_1/multiplicador3_ov_w_parameters/mux2para1.vhd       ;         ;
; registrador.vhd                  ; yes             ; User VHDL File  ; C:/Users/luisa/Documents/Materias/UFSC/20201/Lab-EBD_ECL/NN_Neuron_unsigned_new_1/multiplicador3_ov_w_parameters/registrador.vhd     ;         ;
; somador.vhd                      ; yes             ; User VHDL File  ; C:/Users/luisa/Documents/Materias/UFSC/20201/Lab-EBD_ECL/NN_Neuron_unsigned_new_1/multiplicador3_ov_w_parameters/somador.vhd         ;         ;
; subtrator.vhd                    ; yes             ; User VHDL File  ; C:/Users/luisa/Documents/Materias/UFSC/20201/Lab-EBD_ECL/NN_Neuron_unsigned_new_1/multiplicador3_ov_w_parameters/subtrator.vhd       ;         ;
; bc.vhd                           ; yes             ; User VHDL File  ; C:/Users/luisa/Documents/Materias/UFSC/20201/Lab-EBD_ECL/NN_Neuron_unsigned_new_1/multiplicador3_ov_w_parameters/bc.vhd              ;         ;
; mux2para1_8b.vhd                 ; yes             ; User VHDL File  ; C:/Users/luisa/Documents/Materias/UFSC/20201/Lab-EBD_ECL/NN_Neuron_unsigned_new_1/multiplicador3_ov_w_parameters/mux2para1_8b.vhd    ;         ;
; registrador_8b.vhd               ; yes             ; User VHDL File  ; C:/Users/luisa/Documents/Materias/UFSC/20201/Lab-EBD_ECL/NN_Neuron_unsigned_new_1/multiplicador3_ov_w_parameters/registrador_8b.vhd  ;         ;
; igualazero_8b.vhd                ; yes             ; User VHDL File  ; C:/Users/luisa/Documents/Materias/UFSC/20201/Lab-EBD_ECL/NN_Neuron_unsigned_new_1/multiplicador3_ov_w_parameters/igualazero_8b.vhd   ;         ;
+----------------------------------+-----------------+-----------------+--------------------------------------------------------------------------------------------------------------------------------------+---------+


+-----------------------------------------------------+
; Analysis & Synthesis Resource Usage Summary         ;
+---------------------------------------------+-------+
; Resource                                    ; Usage ;
+---------------------------------------------+-------+
; Estimated Total logic elements              ; 42    ;
;                                             ;       ;
; Total combinational functions               ; 34    ;
; Logic element usage by number of LUT inputs ;       ;
;     -- 4 input functions                    ; 5     ;
;     -- 3 input functions                    ; 9     ;
;     -- <=2 input functions                  ; 20    ;
;                                             ;       ;
; Logic elements by mode                      ;       ;
;     -- normal mode                          ; 12    ;
;     -- arithmetic mode                      ; 22    ;
;                                             ;       ;
; Total registers                             ; 37    ;
;     -- Dedicated logic registers            ; 37    ;
;     -- I/O registers                        ; 0     ;
;                                             ;       ;
; I/O pins                                    ; 36    ;
; Embedded Multiplier 9-bit elements          ; 0     ;
; Maximum fan-out node                        ; clk   ;
; Maximum fan-out                             ; 37    ;
; Total fan-out                               ; 245   ;
; Average fan-out                             ; 2.29  ;
+---------------------------------------------+-------+


+---------------------------------------------------------------------------------------------------------------------------------------------------------------------------------------------------------------------------+
; Analysis & Synthesis Resource Utilization by Entity                                                                                                                                                                       ;
+----------------------------------+-------------------+--------------+-------------+--------------+---------+-----------+------+--------------+-------------------------------------------------------------+--------------+
; Compilation Hierarchy Node       ; LC Combinationals ; LC Registers ; Memory Bits ; DSP Elements ; DSP 9x9 ; DSP 18x18 ; Pins ; Virtual Pins ; Full Hierarchy Name                                         ; Library Name ;
+----------------------------------+-------------------+--------------+-------------+--------------+---------+-----------+------+--------------+-------------------------------------------------------------+--------------+
; |multiplicador_3                 ; 34 (0)            ; 37 (0)       ; 0           ; 0            ; 0       ; 0         ; 36   ; 0            ; |multiplicador_3                                            ; work         ;
;    |bc:BlocoControle|            ; 6 (6)             ; 5 (5)        ; 0           ; 0            ; 0       ; 0         ; 0    ; 0            ; |multiplicador_3|bc:BlocoControle                           ; work         ;
;    |bo:BlocoOperativo|           ; 28 (0)            ; 32 (0)       ; 0           ; 0            ; 0       ; 0         ; 0    ; 0            ; |multiplicador_3|bo:BlocoOperativo                          ; work         ;
;       |igualazero:igualzeroA|    ; 2 (2)             ; 0 (0)        ; 0           ; 0            ; 0       ; 0         ; 0    ; 0            ; |multiplicador_3|bo:BlocoOperativo|igualazero:igualzeroA    ; work         ;
;       |igualazero_8b:igualzeroB| ; 2 (2)             ; 0 (0)        ; 0           ; 0            ; 0       ; 0         ; 0    ; 0            ; |multiplicador_3|bo:BlocoOperativo|igualazero_8b:igualzeroB ; work         ;
;       |registrador:regA|         ; 8 (8)             ; 8 (8)        ; 0           ; 0            ; 0       ; 0         ; 0    ; 0            ; |multiplicador_3|bo:BlocoOperativo|registrador:regA         ; work         ;
;       |registrador_8b:regB|      ; 0 (0)             ; 8 (8)        ; 0           ; 0            ; 0       ; 0         ; 0    ; 0            ; |multiplicador_3|bo:BlocoOperativo|registrador_8b:regB      ; work         ;
;       |registrador_8b:regP|      ; 16 (16)           ; 16 (16)      ; 0           ; 0            ; 0       ; 0         ; 0    ; 0            ; |multiplicador_3|bo:BlocoOperativo|registrador_8b:regP      ; work         ;
+----------------------------------+-------------------+--------------+-------------+--------------+---------+-----------+------+--------------+-------------------------------------------------------------+--------------+
Note: For table entries with two numbers listed, the numbers in parentheses indicate the number of resources of the given type used by the specific entity alone. The numbers listed outside of parentheses indicate the total resources of the given type used by the specific entity and all of its sub-entities in the hierarchy.


Encoding Type:  One-Hot
+-----------------------------------------------------------------+
; State Machine - |multiplicador_3|bc:BlocoControle|state         ;
+----------+----------+----------+----------+----------+----------+
; Name     ; state.S4 ; state.S3 ; state.S2 ; state.S1 ; state.S0 ;
+----------+----------+----------+----------+----------+----------+
; state.S0 ; 0        ; 0        ; 0        ; 0        ; 0        ;
; state.S1 ; 0        ; 0        ; 0        ; 1        ; 1        ;
; state.S2 ; 0        ; 0        ; 1        ; 0        ; 1        ;
; state.S3 ; 0        ; 1        ; 0        ; 0        ; 1        ;
; state.S4 ; 1        ; 0        ; 0        ; 0        ; 1        ;
+----------+----------+----------+----------+----------+----------+


+-----------------------------------------------------------------------------------------+
; Registers Removed During Synthesis                                                      ;
+------------------------------------------------+----------------------------------------+
; Register name                                  ; Reason for Removal                     ;
+------------------------------------------------+----------------------------------------+
; bo:BlocoOperativo|registrador_8b:regB|q[8..15] ; Stuck at GND due to stuck port data_in ;
; Total Number of Removed Registers = 8          ;                                        ;
+------------------------------------------------+----------------------------------------+


+------------------------------------------------------+
; General Register Statistics                          ;
+----------------------------------------------+-------+
; Statistic                                    ; Value ;
+----------------------------------------------+-------+
; Total registers                              ; 37    ;
; Number of registers using Synchronous Clear  ; 16    ;
; Number of registers using Synchronous Load   ; 8     ;
; Number of registers using Asynchronous Clear ; 5     ;
; Number of registers using Asynchronous Load  ; 0     ;
; Number of registers using Clock Enable       ; 32    ;
; Number of registers using Preset             ; 0     ;
+----------------------------------------------+-------+


+-------------------------------------------------------------+
; Port Connectivity Checks: "bo:BlocoOperativo|subtrator:sub" ;
+---------+-------+----------+--------------------------------+
; Port    ; Type  ; Severity ; Details                        ;
+---------+-------+----------+--------------------------------+
; b[7..1] ; Input ; Info     ; Stuck at GND                   ;
; b[0]    ; Input ; Info     ; Stuck at VCC                   ;
+---------+-------+----------+--------------------------------+


+-------------------------------------------------------------------+
; Port Connectivity Checks: "bo:BlocoOperativo|registrador_8b:regB" ;
+----------+-------+----------+-------------------------------------+
; Port     ; Type  ; Severity ; Details                             ;
+----------+-------+----------+-------------------------------------+
; d[15..8] ; Input ; Info     ; Stuck at GND                        ;
+----------+-------+----------+-------------------------------------+


+-----------------------------------------------------------------+
; Port Connectivity Checks: "bo:BlocoOperativo|mux2para1_8b:muxP" ;
+------+-------+----------+---------------------------------------+
; Port ; Type  ; Severity ; Details                               ;
+------+-------+----------+---------------------------------------+
; b    ; Input ; Info     ; Stuck at GND                          ;
+------+-------+----------+---------------------------------------+


+-------------------------------+
; Elapsed Time Per Partition    ;
+----------------+--------------+
; Partition Name ; Elapsed Time ;
+----------------+--------------+
; Top            ; 00:00:00     ;
+----------------+--------------+


+-------------------------------+
; Analysis & Synthesis Messages ;
+-------------------------------+
Info: *******************************************************************
Info: Running Quartus II 64-Bit Analysis & Synthesis
    Info: Version 13.0.1 Build 232 06/12/2013 Service Pack 1 SJ Web Edition
    Info: Processing started: Mon Jan 11 14:57:04 2021
Info: Command: quartus_map --read_settings_files=on --write_settings_files=off multiplicador_3 -c multiplicador_3
Warning (20028): Parallel compilation is not licensed and has been disabled
Info (12021): Found 2 design units, including 0 entities, in source file /users/luisa/documents/materias/ufsc/20201/lab-ebd_ecl/nn_neuron_unsigned_new_1/std_dt.vhd
    Info (12022): Found design unit 1: STD_DT
    Info (12022): Found design unit 2: STD_DT-body
Info (12021): Found 2 design units, including 1 entities, in source file multiplicador_3.vhd
    Info (12022): Found design unit 1: multiplicador_3-bhv
    Info (12023): Found entity 1: multiplicador_3
Info (12021): Found 2 design units, including 1 entities, in source file bo.vhd
    Info (12022): Found design unit 1: bo-estrutura
    Info (12023): Found entity 1: bo
Info (12021): Found 2 design units, including 1 entities, in source file igualazero.vhd
    Info (12022): Found design unit 1: igualazero-estrutura
    Info (12023): Found entity 1: igualazero
Info (12021): Found 2 design units, including 1 entities, in source file mux2para1.vhd
    Info (12022): Found design unit 1: mux2para1-comportamento
    Info (12023): Found entity 1: mux2para1
Info (12021): Found 2 design units, including 1 entities, in source file registrador.vhd
    Info (12022): Found design unit 1: registrador-estrutura
    Info (12023): Found entity 1: registrador
Info (12021): Found 2 design units, including 1 entities, in source file registrador_r.vhd
    Info (12022): Found design unit 1: registrador_r-estrutura
    Info (12023): Found entity 1: registrador_r
Info (12021): Found 2 design units, including 1 entities, in source file somador.vhd
    Info (12022): Found design unit 1: somador-estrutura
    Info (12023): Found entity 1: somador
Info (12021): Found 2 design units, including 1 entities, in source file subtrator.vhd
    Info (12022): Found design unit 1: subtrator-estrutura
    Info (12023): Found entity 1: subtrator
Info (12021): Found 2 design units, including 1 entities, in source file bc.vhd
    Info (12022): Found design unit 1: bc-estrutura
    Info (12023): Found entity 1: bc
Info (12021): Found 2 design units, including 1 entities, in source file mux2para1_8b.vhd
    Info (12022): Found design unit 1: mux2para1_8b-comportamento
    Info (12023): Found entity 1: mux2para1_8b
Info (12021): Found 2 design units, including 1 entities, in source file registrador_8b.vhd
    Info (12022): Found design unit 1: registrador_8b-estrutura
    Info (12023): Found entity 1: registrador_8b
Info (12021): Found 2 design units, including 1 entities, in source file igualazero_8b.vhd
    Info (12022): Found design unit 1: igualazero_8b-estrutura
    Info (12023): Found entity 1: igualazero_8b
Info (12021): Found 2 design units, including 1 entities, in source file tb_m3_8b.vhd
    Info (12022): Found design unit 1: tb_m3_8b-Multi
    Info (12023): Found entity 1: tb_m3_8b
Info (12021): Found 1 design units, including 0 entities, in source file parameters.vhd
    Info (12022): Found design unit 1: parameters
Info (12127): Elaborating entity "multiplicador_3" for the top level hierarchy
Info (12128): Elaborating entity "bo" for hierarchy "bo:BlocoOperativo"
Info (12128): Elaborating entity "mux2para1_8b" for hierarchy "bo:BlocoOperativo|mux2para1_8b:muxP"
Info (12128): Elaborating entity "mux2para1" for hierarchy "bo:BlocoOperativo|mux2para1:muxA"
Info (12128): Elaborating entity "registrador_8b" for hierarchy "bo:BlocoOperativo|registrador_8b:regP"
Info (12128): Elaborating entity "registrador" for hierarchy "bo:BlocoOperativo|registrador:regA"
Info (12128): Elaborating entity "somador" for hierarchy "bo:BlocoOperativo|somador:soma"
Info (12128): Elaborating entity "subtrator" for hierarchy "bo:BlocoOperativo|subtrator:sub"
Info (12128): Elaborating entity "igualazero" for hierarchy "bo:BlocoOperativo|igualazero:igualzeroA"
Info (12128): Elaborating entity "igualazero_8b" for hierarchy "bo:BlocoOperativo|igualazero_8b:igualzeroB"
Info (12128): Elaborating entity "bc" for hierarchy "bc:BlocoControle"
Info (16010): Generating hard_block partition "hard_block:auto_generated_inst"
    Info (16011): Adding 0 node(s), including 0 DDIO, 0 PLL, 0 transceiver and 0 LCELL
Info (21057): Implemented 79 device resources after synthesis - the final resource count might be different
    Info (21058): Implemented 19 input pins
    Info (21059): Implemented 17 output pins
    Info (21061): Implemented 43 logic cells
Info: Quartus II 64-Bit Analysis & Synthesis was successful. 0 errors, 1 warning
    Info: Peak virtual memory: 4634 megabytes
    Info: Processing ended: Mon Jan 11 14:57:07 2021
    Info: Elapsed time: 00:00:03
    Info: Total CPU time (on all processors): 00:00:03


