Flow report for NN_Neuron
Wed Mar 10 19:25:29 2021
Quartus II 64-Bit Version 13.0.1 Build 232 06/12/2013 Service Pack 1 SJ Web Edition


---------------------
; Table of Contents ;
---------------------
  1. Legal Notice
  2. Flow Summary
  3. Flow Settings
  4. Flow Non-Default Global Settings
  5. Flow Elapsed Time
  6. Flow OS Summary
  7. Flow Log
  8. Flow Messages
  9. Flow Suppressed Messages



----------------
; Legal Notice ;
----------------
Copyright (C) 1991-2013 Altera Corporation
Your use of Altera Corporation's design tools, logic functions 
and other software and tools, and its AMPP partner logic 
functions, and any output files from any of the foregoing 
(including device programming or simulation files), and any 
associated documentation or information are expressly subject 
to the terms and conditions of the Altera Program License 
Subscription Agreement, Altera MegaCore Function License 
Agreement, or other applicable license agreement, including, 
without limitation, that your use is for the sole purpose of 
programming logic devices manufactured by Altera and sold by 
Altera or its authorized distributors.  Please refer to the 
applicable agreement for further details.



+--------------------------------------------------------------------------------------+
; Flow Summary                                                                         ;
+------------------------------------+-------------------------------------------------+
; Flow Status                        ; Flow Failed - Wed Mar 10 19:25:29 2021          ;
; Quartus II 64-Bit Version          ; 13.0.1 Build 232 06/12/2013 SP 1 SJ Web Edition ;
; Revision Name                      ; NN_Neuron                                       ;
; Top-level Entity Name              ; top_no_comp_python_40_rom                       ;
; Family                             ; Cyclone II                                      ;
; Device                             ; EP2C35F672C6                                    ;
; Timing Models                      ; Final                                           ;
; Total logic elements               ; 681 / 33,216 ( 2 % )                            ;
;     Total combinational functions  ; 656 / 33,216 ( 2 % )                            ;
;     Dedicated logic registers      ; 50 / 33,216 ( < 1 % )                           ;
; Total registers                    ; 50                                              ;
; Total pins                         ; 692 / 475 ( 146 % )                             ;
; Total virtual pins                 ; 0                                               ;
; Total memory bits                  ; 16,384 / 483,840 ( 3 % )                        ;
; Embedded Multiplier 9-bit elements ; 40 / 70 ( 57 % )                                ;
; Total PLLs                         ; 0 / 4 ( 0 % )                                   ;
+------------------------------------+-------------------------------------------------+


+-----------------------------------------+
; Flow Settings                           ;
+-------------------+---------------------+
; Option            ; Setting             ;
+-------------------+---------------------+
; Start date & time ; 03/10/2021 19:25:21 ;
; Main task         ; Compilation         ;
; Revision Name     ; NN_Neuron           ;
+-------------------+---------------------+


+---------------------------------------------------------------------------------------------------------------------------------------------------------+
; Flow Non-Default Global Settings                                                                                                                        ;
+--------------------------------------+-----------------------------------------------+---------------+---------------------------+----------------------+
; Assignment Name                      ; Value                                         ; Default Value ; Entity Name               ; Section Id           ;
+--------------------------------------+-----------------------------------------------+---------------+---------------------------+----------------------+
; COMPILER_SIGNATURE_ID                ; 31032330796986.161541512118496                ; --            ; --                        ; --                   ;
; EDA_DESIGN_INSTANCE_NAME             ; NA                                            ; --            ; --                        ; rom_tb               ;
; EDA_DESIGN_INSTANCE_NAME             ; NA                                            ; --            ; --                        ; top_tb3              ;
; EDA_DESIGN_INSTANCE_NAME             ; NA                                            ; --            ; --                        ; top_tb3_new          ;
; EDA_DESIGN_INSTANCE_NAME             ; NA                                            ; --            ; --                        ; top_tb_python        ;
; EDA_DESIGN_INSTANCE_NAME             ; NA                                            ; --            ; --                        ; top_tb_python_4      ;
; EDA_DESIGN_INSTANCE_NAME             ; NA                                            ; --            ; --                        ; top_tb_python_20     ;
; EDA_DESIGN_INSTANCE_NAME             ; NA                                            ; --            ; --                        ; top_tb_python_40     ;
; EDA_DESIGN_INSTANCE_NAME             ; NA                                            ; --            ; --                        ; top_tb_python_4_rom  ;
; EDA_DESIGN_INSTANCE_NAME             ; NA                                            ; --            ; --                        ; top_tb_python_5_rom  ;
; EDA_DESIGN_INSTANCE_NAME             ; NA                                            ; --            ; --                        ; top_tb_python_10_rom ;
; EDA_DESIGN_INSTANCE_NAME             ; NA                                            ; --            ; --                        ; top_tb_python_20_rom ;
; EDA_DESIGN_INSTANCE_NAME             ; NA                                            ; --            ; --                        ; top_tb_python_40_rom ;
; EDA_NATIVELINK_SIMULATION_TEST_BENCH ; top_tb_python_20_rom                          ; --            ; --                        ; eda_simulation       ;
; EDA_OUTPUT_DATA_FORMAT               ; Vhdl                                          ; --            ; --                        ; eda_simulation       ;
; EDA_SIMULATION_TOOL                  ; ModelSim-Altera (VHDL)                        ; <None>        ; --                        ; --                   ;
; EDA_TEST_BENCH_ENABLE_STATUS         ; TEST_BENCH_MODE                               ; --            ; --                        ; eda_simulation       ;
; EDA_TEST_BENCH_FILE                  ; tb_rom.vhd                                    ; --            ; --                        ; rom_tb               ;
; EDA_TEST_BENCH_FILE                  ; top_tb3.vhd                                   ; --            ; --                        ; top_tb3              ;
; EDA_TEST_BENCH_FILE                  ; top_tb3_new.vhd                               ; --            ; --                        ; top_tb3_new          ;
; EDA_TEST_BENCH_FILE                  ; top_tb_python.vhd                             ; --            ; --                        ; top_tb_python        ;
; EDA_TEST_BENCH_FILE                  ; python_vhds/n_4/top_tb_python_4.vhd           ; --            ; --                        ; top_tb_python_4      ;
; EDA_TEST_BENCH_FILE                  ; python_vhds/n_20/top_tb_python_20.vhd         ; --            ; --                        ; top_tb_python_20     ;
; EDA_TEST_BENCH_FILE                  ; python_vhds/n_40/top_tb_python_40.vhd         ; --            ; --                        ; top_tb_python_40     ;
; EDA_TEST_BENCH_FILE                  ; python_vhds/n_4/top_tb_python_4_rom.vhd       ; --            ; --                        ; top_tb_python_4_rom  ;
; EDA_TEST_BENCH_FILE                  ; python_vhds/ROM/n_5/top_tb_python_5_rom.vhd   ; --            ; --                        ; top_tb_python_5_rom  ;
; EDA_TEST_BENCH_FILE                  ; python_vhds/ROM/n_10/top_tb_python_10_rom.vhd ; --            ; --                        ; top_tb_python_10_rom ;
; EDA_TEST_BENCH_FILE                  ; python_vhds/ROM/n_20/top_tb_python_20_rom.vhd ; --            ; --                        ; top_tb_python_20_rom ;
; EDA_TEST_BENCH_FILE                  ; python_vhds/ROM/n_40/top_tb_python_40_rom.vhd ; --            ; --                        ; top_tb_python_40_rom ;
; EDA_TEST_BENCH_MODULE_NAME           ; rom_tb                                        ; --            ; --                        ; rom_tb               ;
; EDA_TEST_BENCH_MODULE_NAME           ; top_tb3                                       ; --            ; --                        ; top_tb3              ;
; EDA_TEST_BENCH_MODULE_NAME           ; top_tb3_new                                   ; --            ; --                        ; top_tb3_new          ;
; EDA_TEST_BENCH_MODULE_NAME           ; top_tb_python                                 ; --            ; --                        ; top_tb_python        ;
; EDA_TEST_BENCH_MODULE_NAME           ; top_tb_python_4                               ; --            ; --                        ; top_tb_python_4      ;
; EDA_TEST_BENCH_MODULE_NAME           ; top_tb_python_20                              ; --            ; --                        ; top_tb_python_20     ;
; EDA_TEST_BENCH_MODULE_NAME           ; top_tb_python_40                              ; --            ; --                        ; top_tb_python_40     ;
; EDA_TEST_BENCH_MODULE_NAME           ; top_tb_python_4_rom                           ; --            ; --                        ; top_tb_python_4_rom  ;
; EDA_TEST_BENCH_MODULE_NAME           ; top_tb_python_5_rom                           ; --            ; --                        ; top_tb_python_5_rom  ;
; EDA_TEST_BENCH_MODULE_NAME           ; top_tb_python_10_rom                          ; --            ; --                        ; top_tb_python_10_rom ;
; EDA_TEST_BENCH_MODULE_NAME           ; top_tb_python_20_rom                          ; --            ; --                        ; top_tb_python_20_rom ;
; EDA_TEST_BENCH_MODULE_NAME           ; top_tb_python_40_rom                          ; --            ; --                        ; top_tb_python_40_rom ;
; EDA_TEST_BENCH_NAME                  ; rom_tb                                        ; --            ; --                        ; eda_simulation       ;
; EDA_TEST_BENCH_NAME                  ; top_tb3                                       ; --            ; --                        ; eda_simulation       ;
; EDA_TEST_BENCH_NAME                  ; top_tb3_new                                   ; --            ; --                        ; eda_simulation       ;
; EDA_TEST_BENCH_NAME                  ; top_tb_python                                 ; --            ; --                        ; eda_simulation       ;
; EDA_TEST_BENCH_NAME                  ; top_tb_python_4                               ; --            ; --                        ; eda_simulation       ;
; EDA_TEST_BENCH_NAME                  ; top_tb_python_20                              ; --            ; --                        ; eda_simulation       ;
; EDA_TEST_BENCH_NAME                  ; top_tb_python_40                              ; --            ; --                        ; eda_simulation       ;
; EDA_TEST_BENCH_NAME                  ; top_tb_python_4_rom                           ; --            ; --                        ; eda_simulation       ;
; EDA_TEST_BENCH_NAME                  ; top_tb_python_5_rom                           ; --            ; --                        ; eda_simulation       ;
; EDA_TEST_BENCH_NAME                  ; top_tb_python_10_rom                          ; --            ; --                        ; eda_simulation       ;
; EDA_TEST_BENCH_NAME                  ; top_tb_python_20_rom                          ; --            ; --                        ; eda_simulation       ;
; EDA_TEST_BENCH_NAME                  ; top_tb_python_40_rom                          ; --            ; --                        ; eda_simulation       ;
; EDA_TEST_BENCH_RUN_SIM_FOR           ; 10 us                                         ; --            ; --                        ; rom_tb               ;
; EDA_TEST_BENCH_RUN_SIM_FOR           ; 5 us                                          ; --            ; --                        ; top_tb3              ;
; EDA_TEST_BENCH_RUN_SIM_FOR           ; 10 us                                         ; --            ; --                        ; top_tb3_new          ;
; EDA_TEST_BENCH_RUN_SIM_FOR           ; 10 us                                         ; --            ; --                        ; top_tb_python        ;
; EDA_TEST_BENCH_RUN_SIM_FOR           ; 10 us                                         ; --            ; --                        ; top_tb_python_4      ;
; EDA_TEST_BENCH_RUN_SIM_FOR           ; 10 us                                         ; --            ; --                        ; top_tb_python_20     ;
; EDA_TEST_BENCH_RUN_SIM_FOR           ; 10 us                                         ; --            ; --                        ; top_tb_python_40     ;
; EDA_TEST_BENCH_RUN_SIM_FOR           ; 35 us                                         ; --            ; --                        ; top_tb_python_4_rom  ;
; EDA_TEST_BENCH_RUN_SIM_FOR           ; 100 us                                        ; --            ; --                        ; top_tb_python_5_rom  ;
; EDA_TEST_BENCH_RUN_SIM_FOR           ; 100 us                                        ; --            ; --                        ; top_tb_python_10_rom ;
; EDA_TEST_BENCH_RUN_SIM_FOR           ; 100 us                                        ; --            ; --                        ; top_tb_python_20_rom ;
; EDA_TEST_BENCH_RUN_SIM_FOR           ; 100 us                                        ; --            ; --                        ; top_tb_python_40_rom ;
; IP_TOOL_NAME                         ; ROM: 1-PORT                                   ; --            ; --                        ; --                   ;
; IP_TOOL_VERSION                      ; 13.0                                          ; --            ; --                        ; --                   ;
; MAX_CORE_JUNCTION_TEMP               ; 85                                            ; --            ; --                        ; --                   ;
; MIN_CORE_JUNCTION_TEMP               ; 0                                             ; --            ; --                        ; --                   ;
; MISC_FILE                            ; rom_fixedpoint_2048.bsf                       ; --            ; --                        ; --                   ;
; MISC_FILE                            ; rom_fixedpoint_2048_inst.vhd                  ; --            ; --                        ; --                   ;
; MISC_FILE                            ; rom_fixedpoint_2048.cmp                       ; --            ; --                        ; --                   ;
; MISC_FILE                            ; rom_fixedpoint_2048_syn.v                     ; --            ; --                        ; --                   ;
; PARTITION_COLOR                      ; 16764057                                      ; --            ; top_no_comp_python_40_rom ; Top                  ;
; PARTITION_FITTER_PRESERVATION_LEVEL  ; PLACEMENT_AND_ROUTING                         ; --            ; top_no_comp_python_40_rom ; Top                  ;
; PARTITION_NETLIST_TYPE               ; SOURCE                                        ; --            ; top_no_comp_python_40_rom ; Top                  ;
; POWER_BOARD_THERMAL_MODEL            ; None (CONSERVATIVE)                           ; --            ; --                        ; --                   ;
; POWER_PRESET_COOLING_SOLUTION        ; 23 MM HEAT SINK WITH 200 LFPM AIRFLOW         ; --            ; --                        ; --                   ;
; PROJECT_OUTPUT_DIRECTORY             ; output_files                                  ; --            ; --                        ; --                   ;
; TOP_LEVEL_ENTITY                     ; top_no_comp_python_40_rom                     ; NN_Neuron     ; --                        ; --                   ;
+--------------------------------------+-----------------------------------------------+---------------+---------------------------+----------------------+


+--------------------------------------------------------------------------------------------------------------------------+
; Flow Elapsed Time                                                                                                        ;
+----------------------+--------------+-------------------------+---------------------+------------------------------------+
; Module Name          ; Elapsed Time ; Average Processors Used ; Peak Virtual Memory ; Total CPU Time (on all processors) ;
+----------------------+--------------+-------------------------+---------------------+------------------------------------+
; Analysis & Synthesis ; 00:00:03     ; 1.0                     ; 4663 MB             ; 00:00:03                           ;
; Fitter               ; 00:00:03     ; 1.0                     ; 4788 MB             ; 00:00:03                           ;
; Total                ; 00:00:06     ; --                      ; --                  ; 00:00:06                           ;
+----------------------+--------------+-------------------------+---------------------+------------------------------------+


+-----------------------------------------------------------------------------------+
; Flow OS Summary                                                                   ;
+----------------------+------------------+-----------+------------+----------------+
; Module Name          ; Machine Hostname ; OS Name   ; OS Version ; Processor type ;
+----------------------+------------------+-----------+------------+----------------+
; Analysis & Synthesis ; Luis-Laptop      ; Windows 7 ; 6.2        ; x86_64         ;
; Fitter               ; Luis-Laptop      ; Windows 7 ; 6.2        ; x86_64         ;
+----------------------+------------------+-----------+------------+----------------+


------------
; Flow Log ;
------------
quartus_map --read_settings_files=on --write_settings_files=off NN_Neuron -c NN_Neuron
quartus_fit --read_settings_files=off --write_settings_files=off NN_Neuron -c NN_Neuron



